<?xml version="1.0" encoding="UTF-8"?>
<testng-results skipped="0" failed="0" ignored="0" total="2" passed="2">
  <reporter-output>
  </reporter-output>
  <suite name="Parallel test suite" duration-ms="89810" started-at="2021-10-03T15:26:30 IST" finished-at="2021-10-03T15:28:00 IST">
    <groups>
    </groups>
    <test name="SampleTest" duration-ms="51771" started-at="2021-10-03T15:26:30 IST" finished-at="2021-10-03T15:27:22 IST">
      <class name="mavenseleniumproject.DataManagement">
        <test-method status="PASS" signature="setup(java.lang.String)[pri:0, instance:mavenseleniumproject.DataManagement@7d0cc890]" name="setup" is-config="true" duration-ms="10635" started-at="2021-10-03T15:26:30 IST" finished-at="2021-10-03T15:26:41 IST">
          <params>
            <param index="0">
              <value>
                <![CDATA[firefox]]>
              </value>
            </param>
          </params>
          <reporter-output>
          </reporter-output>
        </test-method> <!-- setup -->
        <test-method status="PASS" signature="Ether()[pri:0, instance:mavenseleniumproject.DataManagement@7d0cc890]" name="Ether" duration-ms="41072" started-at="2021-10-03T15:26:41 IST" finished-at="2021-10-03T15:27:22 IST">
          <reporter-output>
          </reporter-output>
        </test-method> <!-- Ether -->
      </class> <!-- mavenseleniumproject.DataManagement -->
    </test> <!-- SampleTest -->
    <test name="Chrome Test" duration-ms="37996" started-at="2021-10-03T15:27:22 IST" finished-at="2021-10-03T15:28:00 IST">
      <class name="mavenseleniumproject.DataManagement">
        <test-method status="PASS" signature="setup(java.lang.String)[pri:0, instance:mavenseleniumproject.DataManagement@2125ad3]" name="setup" is-config="true" duration-ms="5712" started-at="2021-10-03T15:27:22 IST" finished-at="2021-10-03T15:27:28 IST">
          <params>
            <param index="0">
              <value>
                <![CDATA[chrome]]>
              </value>
            </param>
          </params>
          <reporter-output>
          </reporter-output>
        </test-method> <!-- setup -->
        <test-method status="PASS" signature="Ether()[pri:0, instance:mavenseleniumproject.DataManagement@2125ad3]" name="Ether" duration-ms="32282" started-at="2021-10-03T15:27:28 IST" finished-at="2021-10-03T15:28:00 IST">
          <reporter-output>
          </reporter-output>
        </test-method> <!-- Ether -->
      </class> <!-- mavenseleniumproject.DataManagement -->
    </test> <!-- Chrome Test -->
  </suite> <!-- Parallel test suite -->
</testng-results>
