<?xml version="1.0" encoding="UTF-8"?>
<testng-results ignored="0" total="2" passed="2" failed="0" skipped="0">
  <reporter-output>
  </reporter-output>
  <suite started-at="2021-09-28T10:53:19 IST" name="SampleSuite2" finished-at="2021-09-28T10:54:38 IST" duration-ms="79769">
    <groups>
    </groups>
    <test started-at="2021-09-28T10:53:19 IST" name="SampleTest" finished-at="2021-09-28T10:54:06 IST" duration-ms="47038">
      <class name="mavenseleniumproject.RecorderScript">
        <test-method is-config="true" signature="setup(java.lang.String)[pri:0, instance:mavenseleniumproject.RecorderScript@1e04fa0a]" started-at="2021-09-28T10:53:19 IST" name="setup" finished-at="2021-09-28T10:53:43 IST" duration-ms="24716" status="PASS">
          <params>
            <param index="0">
              <value>
                <![CDATA[firefox]]>
              </value>
            </param>
          </params>
          <reporter-output>
          </reporter-output>
        </test-method> <!-- setup -->
        <test-method signature="testParameterWithXML()[pri:0, instance:mavenseleniumproject.RecorderScript@1e04fa0a]" started-at="2021-09-28T10:53:43 IST" name="testParameterWithXML" finished-at="2021-09-28T10:54:06 IST" duration-ms="22257" status="PASS">
          <reporter-output>
          </reporter-output>
        </test-method> <!-- testParameterWithXML -->
      </class> <!-- mavenseleniumproject.RecorderScript -->
    </test> <!-- SampleTest -->
    <test started-at="2021-09-28T10:54:06 IST" name="Sample2Test" finished-at="2021-09-28T10:54:38 IST" duration-ms="32672">
      <class name="mavenseleniumproject.RecorderScript">
        <test-method is-config="true" signature="setup(java.lang.String)[pri:0, instance:mavenseleniumproject.RecorderScript@27462a88]" started-at="2021-09-28T10:54:06 IST" name="setup" finished-at="2021-09-28T10:54:13 IST" duration-ms="7242" status="PASS">
          <params>
            <param index="0">
              <value>
                <![CDATA[chrome]]>
              </value>
            </param>
          </params>
          <reporter-output>
          </reporter-output>
        </test-method> <!-- setup -->
        <test-method signature="testParameterWithXML()[pri:0, instance:mavenseleniumproject.RecorderScript@27462a88]" started-at="2021-09-28T10:54:13 IST" name="testParameterWithXML" finished-at="2021-09-28T10:54:38 IST" duration-ms="25419" status="PASS">
          <reporter-output>
          </reporter-output>
        </test-method> <!-- testParameterWithXML -->
      </class> <!-- mavenseleniumproject.RecorderScript -->
    </test> <!-- Sample2Test -->
  </suite> <!-- SampleSuite2 -->
</testng-results>
